-------------------------------------------------------------------------------
Test set: pt.visualnuts.challenge1.CheckNumberTest
-------------------------------------------------------------------------------
Tests run: 1, Failures: 0, Errors: 1, Skipped: 0, Time elapsed: 0 s <<< FAILURE! - in pt.visualnuts.challenge1.CheckNumberTest
pt.visualnuts.challenge1.CheckNumberTest  Time elapsed: 0 s  <<< ERROR!
org.junit.platform.commons.JUnitException: @BeforeAll method 'public void pt.visualnuts.challenge1.CheckNumberTest.init()' must be static unless the test class is annotated with @TestInstance(Lifecycle.PER_CLASS).

